<?xml version="1.0" encoding="UTF-8"?>
<testsuite name="Cucumber" time="397.091" tests="30" skipped="0" failures="20" errors="0">
<testcase classname="Flight Enquiry" name="Enquiry Form Submission and Validation - Example #1.1" time="14.293">
<system-out><![CDATA[
Given User is on the Flight Enquiry form page with internet access..........passed
When User navigates to Enquiry Link.........................................passed
And User enters Name "John Doe".............................................passed
And User enters Email "jhon123@gmail.com"...................................passed
And User enters Phone "9874561230"..........................................passed
And User enters Subject "Flight Timing".....................................passed
And User enters Message "Please confirm the departure time for flight AI202".passed
And User clicks Send........................................................passed
Then System should display "THANK YOU! WE WILL GET BACK TO YOU AS SOON AS POSSIBLE.".passed
And Form submission status should be "Submitted"............................passed
]]></system-out>
</testcase>
<testcase classname="Flight Enquiry" name="Enquiry Form Submission and Validation - Example #1.2" time="13.187">
<system-out><![CDATA[
Given User is on the Flight Enquiry form page with internet access..........passed
When User navigates to Enquiry Link.........................................passed
And User enters Name "".....................................................passed
And User enters Email "jhon123@gmail.com"...................................passed
And User enters Phone "9874561230"..........................................passed
And User enters Subject "Flight Timing".....................................passed
And User enters Message "Please confirm the departure time for flight AI202".passed
And User clicks Send........................................................passed
Then System should display "Your name should be at least 3 characters long.".passed
And Form submission status should be "Not Submitted"........................passed
]]></system-out>
</testcase>
<testcase classname="Flight Enquiry" name="Enquiry Form Submission and Validation - Example #1.3" time="13.125">
<system-out><![CDATA[
Given User is on the Flight Enquiry form page with internet access..........passed
When User navigates to Enquiry Link.........................................passed
And User enters Name "John Doe".............................................passed
And User enters Email "jhon123.gmail.com"...................................passed
And User enters Phone "9874561230"..........................................passed
And User enters Subject "Flight Timing".....................................passed
And User enters Message "Please confirm the departure time for flight AI202".passed
And User clicks Send........................................................passed
Then System should display "Please enter a valid email address."............passed
And Form submission status should be "Not Submitted"........................passed
]]></system-out>
</testcase>
<testcase classname="Flight Enquiry" name="Enquiry Form Submission and Validation - Example #1.4" time="13.97">
<system-out><![CDATA[
Given User is on the Flight Enquiry form page with internet access..........passed
When User navigates to Enquiry Link.........................................passed
And User enters Name "John Doe".............................................passed
And User enters Email "jhon123@gmail.com"...................................passed
And User enters Phone "9874561230"..........................................passed
And User enters Subject "Flight Timing".....................................passed
And User enters Message ""..................................................passed
And User clicks Send........................................................passed
Then System should display "Please write a longer message.".................passed
And Form submission status should be "Not Submitted"........................passed
]]></system-out>
</testcase>
<testcase classname="Flight Enquiry" name="Enquiry Form Submission and Validation - Example #1.5" time="12.919">
<failure type="java.lang.AssertionError">
<![CDATA[java.lang.AssertionError
	at org.junit.Assert.fail(Assert.java:87)
	at org.junit.Assert.assertTrue(Assert.java:42)
	at org.junit.Assert.assertTrue(Assert.java:53)
	at stepDefinitions.FlightEnquiryStepDefinition.system_should_display(FlightEnquiryStepDefinition.java:89)
	at ✽.System should display "Invalid phone number."(file:///C:/Users/rajdeep%20ghosh/OneDrive/Desktop/git/Sprint2Group2/Sprint2Group2Batch18/./src/test/java/features/FlightEnquiry.feature:13)
]]>
</failure>
<system-out><![CDATA[
Given User is on the Flight Enquiry form page with internet access..........passed
When User navigates to Enquiry Link.........................................passed
And User enters Name "John Doe".............................................passed
And User enters Email "jhon123@gmail.com"...................................passed
And User enters Phone "98abc123xx"..........................................passed
And User enters Subject "Flight Timing".....................................passed
And User enters Message "Please confirm the departure time for flight AI202".passed
And User clicks Send........................................................passed
Then System should display "Invalid phone number."..........................failed
And Form submission status should be "Not Submitted"........................skipped
]]></system-out>
</testcase>
<testcase classname="Flight Enquiry" name="Enquiry Form Submission and Validation - Example #1.6" time="12.865">
<failure type="java.lang.AssertionError">
<![CDATA[java.lang.AssertionError
	at org.junit.Assert.fail(Assert.java:87)
	at org.junit.Assert.assertTrue(Assert.java:42)
	at org.junit.Assert.assertTrue(Assert.java:53)
	at stepDefinitions.FlightEnquiryStepDefinition.system_should_display(FlightEnquiryStepDefinition.java:89)
	at ✽.System should display "Subject cannot be empty."(file:///C:/Users/rajdeep%20ghosh/OneDrive/Desktop/git/Sprint2Group2/Sprint2Group2Batch18/./src/test/java/features/FlightEnquiry.feature:13)
]]>
</failure>
<system-out><![CDATA[
Given User is on the Flight Enquiry form page with internet access..........passed
When User navigates to Enquiry Link.........................................passed
And User enters Name "John Doe".............................................passed
And User enters Email "jhon123@gmail.com"...................................passed
And User enters Phone "9874561230"..........................................passed
And User enters Subject ""..................................................passed
And User enters Message "Please confirm the departure time for flight AI202".passed
And User clicks Send........................................................passed
Then System should display "Subject cannot be empty.".......................failed
And Form submission status should be "Not Submitted"........................skipped
]]></system-out>
</testcase>
<testcase classname="Flight Search Functionality" name="TC001 - Search by valid Flight Number" time="10.475">
<system-out><![CDATA[
Given User is on Flight Search page.........................................passed
When User searches by flight number "AC789".................................passed
Then Flight with number "AC789" should be displayed.........................passed
]]></system-out>
</testcase>
<testcase classname="Flight Search Functionality" name="TC002 - Search by Partial Flight Name" time="10.335">
<system-out><![CDATA[
Given User is on Flight Search page.........................................passed
When User searches by flight name "Jet".....................................passed
Then Flight with name containing "Jet" should be displayed..................passed
]]></system-out>
</testcase>
<testcase classname="Flight Search Functionality" name="TC004 - Search by valid Flight Type" time="10.607">
<system-out><![CDATA[
Given User is on Flight Search page.........................................passed
When User searches by flight type "Direct Flight"...........................passed
Then Flights with type "Direct Flight" should be displayed..................passed
]]></system-out>
</testcase>
<testcase classname="Flight Search Functionality" name="TC003 - Search by Invalid Flight Type" time="13.287">
<failure type="java.lang.AssertionError" message="Expected: No results shown and message displayed. Actual: Table has rows or no error message visible.">
<![CDATA[java.lang.AssertionError: Expected: No results shown and message displayed. Actual: Table has rows or no error message visible.
	at org.junit.Assert.fail(Assert.java:89)
	at org.junit.Assert.assertTrue(Assert.java:42)
	at stepDefinitions.FlightSearchStepDefinition.no_flight_results_should_be_displayed(FlightSearchStepDefinition.java:67)
	at ✽.No flight results should be displayed(file:///C:/Users/rajdeep%20ghosh/OneDrive/Desktop/git/Sprint2Group2/Sprint2Group2Batch18/./src/test/java/features/FlightSearch.feature:22)
]]>
</failure>
<system-out><![CDATA[
Given User is on Flight Search page.........................................passed
When User searches by flight type "Cargo Flight"............................passed
Then No flight results should be displayed..................................failed
]]></system-out>
</testcase>
<testcase classname="Flight Search Functionality" name="TC005 - Search by Invalid Flight Name" time="13.25">
<failure type="java.lang.AssertionError" message="Expected: No results shown and message displayed. Actual: Table has rows or no error message visible.">
<![CDATA[java.lang.AssertionError: Expected: No results shown and message displayed. Actual: Table has rows or no error message visible.
	at org.junit.Assert.fail(Assert.java:89)
	at org.junit.Assert.assertTrue(Assert.java:42)
	at stepDefinitions.FlightSearchStepDefinition.no_flight_results_should_be_displayed(FlightSearchStepDefinition.java:67)
	at ✽.No flight results should be displayed(file:///C:/Users/rajdeep%20ghosh/OneDrive/Desktop/git/Sprint2Group2/Sprint2Group2Batch18/./src/test/java/features/FlightSearch.feature:27)
]]>
</failure>
<system-out><![CDATA[
Given User is on Flight Search page.........................................passed
When User searches by flight name "SkyKing".................................passed
Then No flight results should be displayed..................................failed
]]></system-out>
</testcase>
<testcase classname="Flight Search Functionality" name="TC009 - Search by Invalid Flight Number" time="13.45">
<failure type="java.lang.AssertionError" message="Expected: No results shown and message displayed. Actual: Table has rows or no error message visible.">
<![CDATA[java.lang.AssertionError: Expected: No results shown and message displayed. Actual: Table has rows or no error message visible.
	at org.junit.Assert.fail(Assert.java:89)
	at org.junit.Assert.assertTrue(Assert.java:42)
	at stepDefinitions.FlightSearchStepDefinition.no_flight_results_should_be_displayed(FlightSearchStepDefinition.java:67)
	at ✽.No flight results should be displayed(file:///C:/Users/rajdeep%20ghosh/OneDrive/Desktop/git/Sprint2Group2/Sprint2Group2Batch18/./src/test/java/features/FlightSearch.feature:32)
]]>
</failure>
<system-out><![CDATA[
Given User is on Flight Search page.........................................passed
When User searches by flight number "ZZ999".................................passed
Then No flight results should be displayed..................................failed
]]></system-out>
</testcase>
<testcase classname="Flight Search Functionality" name="TC010 - Search with Leading/Trailing Spaces" time="11.179">
<failure type="java.lang.AssertionError" message="Flight number not found: AC789">
<![CDATA[java.lang.AssertionError: Flight number not found: AC789
	at org.junit.Assert.fail(Assert.java:89)
	at org.junit.Assert.assertTrue(Assert.java:42)
	at stepDefinitions.FlightSearchStepDefinition.flight_with_number_should_be_displayed(FlightSearchStepDefinition.java:30)
	at ✽.Flight with number "AC789" should be displayed(file:///C:/Users/rajdeep%20ghosh/OneDrive/Desktop/git/Sprint2Group2/Sprint2Group2Batch18/./src/test/java/features/FlightSearch.feature:37)
]]>
</failure>
<system-out><![CDATA[
Given User is on Flight Search page.........................................passed
When User searches by flight number " AC789 "...............................passed
Then Flight with number "AC789" should be displayed.........................failed
]]></system-out>
</testcase>
<testcase classname="Login" name="Login flow variations - Example #1.1" time="9.801">
<system-out><![CDATA[
Given I open the browser and  I navigate to the login page..................passed
When I enter username "flightadmin" and password "flightadmin"..............passed
And I enter captcha "valid".................................................passed
And I click the "Validate" button on login page.............................passed
Then I should see a message "Valid input"...................................passed
When I click the Login button on login page.................................passed
Then I should see a Login message "Login Successful"........................passed
]]></system-out>
</testcase>
<testcase classname="Login" name="Login flow variations - Example #1.2" time="14.771">
<failure type="java.lang.NullPointerException" message="Cannot invoke &quot;java.util.List.add(Object)&quot; because &quot;this.list&quot; is null">
<![CDATA[java.lang.NullPointerException: Cannot invoke "java.util.List.add(Object)" because "this.list" is null
	at pages.LoginModulePageFactory.clickLogin(LoginModulePageFactory.java:101)
	at stepDefinitions.LoginModuleStepDefinition.i_click_the_button_on_login_page(LoginModuleStepDefinition.java:58)
	at ✽.I click the Login button on login page(file:///C:/Users/rajdeep%20ghosh/OneDrive/Desktop/git/Sprint2Group2/Sprint2Group2Batch18/./src/test/java/features/LoginModule.feature:11)
]]>
</failure>
<system-out><![CDATA[
Given I open the browser and  I navigate to the login page..................passed
When I enter username "flight" and password "flightadmin"...................passed
And I enter captcha "valid".................................................passed
And I click the "Validate" button on login page.............................passed
Then I should see a message "Valid input"...................................passed
When I click the Login button on login page.................................failed
Then I should see a Login message "Username is wrong".......................skipped
]]></system-out>
</testcase>
<testcase classname="Login" name="Login flow variations - Example #1.3" time="14.734">
<failure type="java.lang.NullPointerException" message="Cannot invoke &quot;java.util.List.add(Object)&quot; because &quot;this.list&quot; is null">
<![CDATA[java.lang.NullPointerException: Cannot invoke "java.util.List.add(Object)" because "this.list" is null
	at pages.LoginModulePageFactory.clickLogin(LoginModulePageFactory.java:101)
	at stepDefinitions.LoginModuleStepDefinition.i_click_the_button_on_login_page(LoginModuleStepDefinition.java:58)
	at ✽.I click the Login button on login page(file:///C:/Users/rajdeep%20ghosh/OneDrive/Desktop/git/Sprint2Group2/Sprint2Group2Batch18/./src/test/java/features/LoginModule.feature:11)
]]>
</failure>
<system-out><![CDATA[
Given I open the browser and  I navigate to the login page..................passed
When I enter username "flightadmin" and password "wrongpass"................passed
And I enter captcha "valid".................................................passed
And I click the "Validate" button on login page.............................passed
Then I should see a message "Valid input"...................................passed
When I click the Login button on login page.................................failed
Then I should see a Login message "Password is wrong".......................skipped
]]></system-out>
</testcase>
<testcase classname="Login" name="Login flow variations - Example #1.4" time="9.71">
<failure type="org.junit.ComparisonFailure" message="expected:&lt;[Valid input]&gt; but was:&lt;[Please Enter The code]&gt;">
<![CDATA[org.junit.ComparisonFailure: expected:<[Valid input]> but was:<[Please Enter The code]>
	at org.junit.Assert.assertEquals(Assert.java:117)
	at org.junit.Assert.assertEquals(Assert.java:146)
	at stepDefinitions.LoginModuleStepDefinition.i_should_see_a_message(LoginModuleStepDefinition.java:66)
	at ✽.I should see a message "invalid input"(file:///C:/Users/rajdeep%20ghosh/OneDrive/Desktop/git/Sprint2Group2/Sprint2Group2Batch18/./src/test/java/features/LoginModule.feature:10)
]]>
</failure>
<system-out><![CDATA[
Given I open the browser and  I navigate to the login page..................passed
When I enter username "flightadmin" and password "flightadmin"..............passed
And I enter captcha "invalid"...............................................passed
And I click the "Validate" button on login page.............................passed
Then I should see a message "invalid input".................................failed
When I click the Login button on login page.................................skipped
Then I should see a Login message ""........................................skipped
]]></system-out>
</testcase>
<testcase classname="Login" name="Login flow variations - Example #1.5" time="14.845">
<failure type="java.lang.AssertionError" message="expected:&lt;login requested rejected&gt; but was:&lt;null&gt;">
<![CDATA[java.lang.AssertionError: expected:<login requested rejected> but was:<null>
	at org.junit.Assert.fail(Assert.java:89)
	at org.junit.Assert.failNotEquals(Assert.java:835)
	at org.junit.Assert.assertEquals(Assert.java:120)
	at org.junit.Assert.assertEquals(Assert.java:146)
	at stepDefinitions.LoginModuleStepDefinition.i_should_see_a_Login_message(LoginModuleStepDefinition.java:73)
	at ✽.I should see a Login message "login requested rejected"(file:///C:/Users/rajdeep%20ghosh/OneDrive/Desktop/git/Sprint2Group2/Sprint2Group2Batch18/./src/test/java/features/LoginModule.feature:12)
]]>
</failure>
<system-out><![CDATA[
Given I open the browser and  I navigate to the login page..................passed
When I enter username "admin" and password "admin"..........................passed
And I enter captcha "valid".................................................passed
And I click the "Validate" button on login page.............................passed
Then I should see a message "Valid input"...................................passed
When I click the Login button on login page.................................passed
Then I should see a Login message "login requested rejected"................failed
]]></system-out>
</testcase>
<testcase classname="Login" name="Navigation &amp; Remember-Me - Example #1.1" time="9.445">
<failure type="java.lang.AssertionError">
<![CDATA[java.lang.AssertionError
	at org.junit.Assert.fail(Assert.java:87)
	at org.junit.Assert.assertTrue(Assert.java:42)
	at org.junit.Assert.assertTrue(Assert.java:53)
	at stepDefinitions.LoginModuleStepDefinition.i_perform_action_click_forgot_password_link(LoginModuleStepDefinition.java:82)
	at ✽.I perform action "click "Forgot Password" link"(file:///C:/Users/rajdeep%20ghosh/OneDrive/Desktop/git/Sprint2Group2/Sprint2Group2Batch18/./src/test/java/features/LoginModule.feature:26)
]]>
</failure>
<system-out><![CDATA[
Given I open the browser and  I navigate to the login page..................passed
When I perform action "click "Forgot Password" link"........................failed
Then I should see result "redirected to password-reset page"................skipped
]]></system-out>
</testcase>
<testcase classname="Login" name="Navigation &amp; Remember-Me - Example #1.2" time="9.35">
<failure type="org.openqa.selenium.NoAlertPresentException" message="Build info: version: '4.11.0', revision: '040bc5406b'
System info: os.name: 'Windows 11', os.arch: 'amd64', os.version: '10.0', java.version: '21.0.7'
Driver info: org.openqa.selenium.firefox.FirefoxDriver
Command: [21140737-8314-477c-bb25-cd6b06380b9e, getAlertText {}]
Capabilities {acceptInsecureCerts: true, browserName: firefox, browserVersion: 141.0, moz:accessibilityChecks: false, moz:buildID: 20250717180000, moz:geckodriverVersion: 0.36.0, moz:headless: true, moz:platformVersion: 10.0, moz:processID: 33736, moz:profile: C:\Users\RAJDEE~1\AppData\L..., moz:shutdownTimeout: 60000, moz:webdriverClick: true, moz:windowless: false, pageLoadStrategy: normal, platformName: windows, proxy: Proxy(), setWindowRect: true, strictFileInteractability: false, timeouts: {implicit: 0, pageLoad: 300000, script: 30000}, unhandledPromptBehavior: dismiss and notify, userAgent: Mozilla/5.0 (Windows NT 10....}
Session ID: 21140737-8314-477c-bb25-cd6b06380b9e">
<![CDATA[org.openqa.selenium.NoAlertPresentException: Build info: version: '4.11.0', revision: '040bc5406b'
System info: os.name: 'Windows 11', os.arch: 'amd64', os.version: '10.0', java.version: '21.0.7'
Driver info: org.openqa.selenium.firefox.FirefoxDriver
Command: [21140737-8314-477c-bb25-cd6b06380b9e, getAlertText {}]
Capabilities {acceptInsecureCerts: true, browserName: firefox, browserVersion: 141.0, moz:accessibilityChecks: false, moz:buildID: 20250717180000, moz:geckodriverVersion: 0.36.0, moz:headless: true, moz:platformVersion: 10.0, moz:processID: 33736, moz:profile: C:\Users\RAJDEE~1\AppData\L..., moz:shutdownTimeout: 60000, moz:webdriverClick: true, moz:windowless: false, pageLoadStrategy: normal, platformName: windows, proxy: Proxy(), setWindowRect: true, strictFileInteractability: false, timeouts: {implicit: 0, pageLoad: 300000, script: 30000}, unhandledPromptBehavior: dismiss and notify, userAgent: Mozilla/5.0 (Windows NT 10....}
Session ID: 21140737-8314-477c-bb25-cd6b06380b9e
	at java.base/jdk.internal.reflect.DirectConstructorHandleAccessor.newInstance(DirectConstructorHandleAccessor.java:62)
	at java.base/java.lang.reflect.Constructor.newInstanceWithCaller(Constructor.java:502)
	at java.base/java.lang.reflect.Constructor.newInstance(Constructor.java:486)
	at org.openqa.selenium.remote.codec.w3c.W3CHttpResponseCodec.createException(W3CHttpResponseCodec.java:200)
	at org.openqa.selenium.remote.codec.w3c.W3CHttpResponseCodec.decode(W3CHttpResponseCodec.java:133)
	at org.openqa.selenium.remote.codec.w3c.W3CHttpResponseCodec.decode(W3CHttpResponseCodec.java:52)
	at org.openqa.selenium.remote.HttpCommandExecutor.execute(HttpCommandExecutor.java:191)
	at org.openqa.selenium.remote.service.DriverCommandExecutor.invokeExecute(DriverCommandExecutor.java:196)
	at org.openqa.selenium.remote.service.DriverCommandExecutor.execute(DriverCommandExecutor.java:171)
	at org.openqa.selenium.remote.RemoteWebDriver.execute(RemoteWebDriver.java:518)
	at org.openqa.selenium.remote.RemoteWebDriver.execute(RemoteWebDriver.java:591)
	at org.openqa.selenium.remote.RemoteWebDriver.execute(RemoteWebDriver.java:595)
	at org.openqa.selenium.remote.RemoteWebDriver$RemoteTargetLocator.alert(RemoteWebDriver.java:1107)
	at pages.LoginModulePageFactory.rememeberMeClick(LoginModulePageFactory.java:127)
	at stepDefinitions.LoginModuleStepDefinition.i_perform_action_enable_remember_me_re_login(LoginModuleStepDefinition.java:97)
	at ✽.I perform action "enable "Remember me", re-login"(file:///C:/Users/rajdeep%20ghosh/OneDrive/Desktop/git/Sprint2Group2/Sprint2Group2Batch18/./src/test/java/features/LoginModule.feature:26)
]]>
</failure>
<system-out><![CDATA[
Given I open the browser and  I navigate to the login page..................passed
When I perform action "enable "Remember me", re-login"......................failed
Then I should see result "logged in automatically"..........................skipped
]]></system-out>
</testcase>
<testcase classname="Flight Booking Functionality" name="Flight booking and Validation - Example #1.1" time="10.94">
<system-out><![CDATA[
Given User is on the Flight Booking page....................................passed
When User navigates to Flight Booking Link..................................passed
And User enters current city "New York".....................................passed
And User enters destination city "London"...................................passed
And User enters Departure date "2025-08-20".................................passed
And User select class "Luxury Class"........................................passed
And User enters name "John Doe".............................................passed
And User enters email "xyz@gmail.com".......................................passed
And User enters phone number "9874561230"...................................passed
And User select number of passenger "1".....................................passed
And User clicks Book Now....................................................passed
Then System should display response "Your flight Reservation has been Confirmed !".passed
And Form submission response should be "Submitted"..........................passed
]]></system-out>
</testcase>
<testcase classname="Flight Booking Functionality" name="Flight booking and Validation - Example #1.2" time="11.537">
<failure type="org.junit.ComparisonFailure" message="expected:&lt;...ght Reservation has [NOT ]been Confirmed !&gt; but was:&lt;...ght Reservation has []been Confirmed !&gt;">
<![CDATA[org.junit.ComparisonFailure: expected:<...ght Reservation has [NOT ]been Confirmed !> but was:<...ght Reservation has []been Confirmed !>
	at org.junit.Assert.assertEquals(Assert.java:117)
	at org.junit.Assert.assertEquals(Assert.java:146)
	at stepDefinitions.FlightBookingStepDefinition.user_should_see_the_confirmation_message(FlightBookingStepDefinition.java:87)
	at ✽.System should display response "Your flight Reservation has NOT been Confirmed !"(file:///C:/Users/rajdeep%20ghosh/OneDrive/Desktop/git/Sprint2Group2/Sprint2Group2Batch18/./src/test/java/features/flightBooking.feature:18)
]]>
</failure>
<system-out><![CDATA[
Given User is on the Flight Booking page....................................passed
When User navigates to Flight Booking Link..................................passed
And User enters current city "New York".....................................passed
And User enters destination city "London"...................................passed
And User enters Departure date "2024-08-20".................................passed
And User select class "Luxury Class"........................................passed
And User enters name "John Doe".............................................passed
And User enters email "xyz@gmail.com".......................................passed
And User enters phone number "9874561230"...................................passed
And User select number of passenger "1".....................................passed
And User clicks Book Now....................................................passed
Then System should display response "Your flight Reservation has NOT been Confirmed !".failed
And Form submission response should be "Submitted"..........................skipped
]]></system-out>
</testcase>
<testcase classname="Flight Booking Functionality" name="Flight booking and Validation - Example #1.3" time="10.992">
<failure type="org.junit.ComparisonFailure" message="expected:&lt;[Please write a valid email.]&gt; but was:&lt;[Your flight Reservation has been Confirmed !]&gt;">
<![CDATA[org.junit.ComparisonFailure: expected:<[Please write a valid email.]> but was:<[Your flight Reservation has been Confirmed !]>
	at org.junit.Assert.assertEquals(Assert.java:117)
	at org.junit.Assert.assertEquals(Assert.java:146)
	at stepDefinitions.FlightBookingStepDefinition.user_should_see_the_confirmation_message(FlightBookingStepDefinition.java:87)
	at ✽.System should display response "Please write a valid email."(file:///C:/Users/rajdeep%20ghosh/OneDrive/Desktop/git/Sprint2Group2/Sprint2Group2Batch18/./src/test/java/features/flightBooking.feature:18)
]]>
</failure>
<system-out><![CDATA[
Given User is on the Flight Booking page....................................passed
When User navigates to Flight Booking Link..................................passed
And User enters current city "New York".....................................passed
And User enters destination city "London"...................................passed
And User enters Departure date "2025-08-20".................................passed
And User select class "Luxury Class"........................................passed
And User enters name "John Doe".............................................passed
And User enters email "xyz3478.com".........................................passed
And User enters phone number "9874561230"...................................passed
And User select number of passenger "1".....................................passed
And User clicks Book Now....................................................passed
Then System should display response "Please write a valid email."...........failed
And Form submission response should be "Submitted"..........................skipped
]]></system-out>
</testcase>
<testcase classname="Flight Booking Functionality" name="Flight booking and Validation - Example #1.4" time="10.891">
<failure type="org.junit.ComparisonFailure" message="expected:&lt;[Please write a valid Phone number.]&gt; but was:&lt;[Your flight Reservation has been Confirmed !]&gt;">
<![CDATA[org.junit.ComparisonFailure: expected:<[Please write a valid Phone number.]> but was:<[Your flight Reservation has been Confirmed !]>
	at org.junit.Assert.assertEquals(Assert.java:117)
	at org.junit.Assert.assertEquals(Assert.java:146)
	at stepDefinitions.FlightBookingStepDefinition.user_should_see_the_confirmation_message(FlightBookingStepDefinition.java:87)
	at ✽.System should display response "Please write a valid Phone number."(file:///C:/Users/rajdeep%20ghosh/OneDrive/Desktop/git/Sprint2Group2/Sprint2Group2Batch18/./src/test/java/features/flightBooking.feature:18)
]]>
</failure>
<system-out><![CDATA[
Given User is on the Flight Booking page....................................passed
When User navigates to Flight Booking Link..................................passed
And User enters current city "New York".....................................passed
And User enters destination city "London"...................................passed
And User enters Departure date "2025-08-20".................................passed
And User select class "Luxury Class"........................................passed
And User enters name "John Doe".............................................passed
And User enters email "xyz@gmail.com".......................................passed
And User enters phone number "9874561av"....................................passed
And User select number of passenger "1".....................................passed
And User clicks Book Now....................................................passed
Then System should display response "Please write a valid Phone number."....failed
And Form submission response should be "Submitted"..........................skipped
]]></system-out>
</testcase>
<testcase classname="Flight Booking Functionality" name="Flight booking and Validation - Example #1.5" time="10.88">
<system-out><![CDATA[
Given User is on the Flight Booking page....................................passed
When User navigates to Flight Booking Link..................................passed
And User enters current city "New York".....................................passed
And User enters destination city "London"...................................passed
And User enters Departure date "2025-08-20".................................passed
And User select class "Luxury Class"........................................passed
And User enters name "John Doe".............................................passed
And User enters email "xyz@gmail.com".......................................passed
And User enters phone number "9874561230"...................................passed
And User select number of passenger "3".....................................passed
And User clicks Book Now....................................................passed
Then System should display response "Your flight Reservation has been Confirmed !".passed
And Form submission response should be "Submitted"..........................passed
]]></system-out>
</testcase>
<testcase classname="Flight Booking Functionality" name="Flight booking and Validation - Example #1.6" time="21.044">
<failure type="org.openqa.selenium.TimeoutException" message="Expected condition failed: waiting for visibility of [[FirefoxDriver: firefox on windows (7e589be9-7354-4811-9b4c-2f1765ae8a5b)] -&gt; id: bookingconfirm] (tried for 10 second(s) with 500 milliseconds interval)
Build info: version: '4.11.0', revision: '040bc5406b'
System info: os.name: 'Windows 11', os.arch: 'amd64', os.version: '10.0', java.version: '21.0.7'
Driver info: org.openqa.selenium.firefox.FirefoxDriver
Capabilities {acceptInsecureCerts: true, browserName: firefox, browserVersion: 141.0, moz:accessibilityChecks: false, moz:buildID: 20250717180000, moz:geckodriverVersion: 0.36.0, moz:headless: true, moz:platformVersion: 10.0, moz:processID: 6904, moz:profile: C:\Users\RAJDEE~1\AppData\L..., moz:shutdownTimeout: 60000, moz:webdriverClick: true, moz:windowless: false, pageLoadStrategy: normal, platformName: windows, proxy: Proxy(), setWindowRect: true, strictFileInteractability: false, timeouts: {implicit: 0, pageLoad: 300000, script: 30000}, unhandledPromptBehavior: dismiss and notify, userAgent: Mozilla/5.0 (Windows NT 10....}
Session ID: 7e589be9-7354-4811-9b4c-2f1765ae8a5b">
<![CDATA[org.openqa.selenium.TimeoutException: Expected condition failed: waiting for visibility of [[FirefoxDriver: firefox on windows (7e589be9-7354-4811-9b4c-2f1765ae8a5b)] -> id: bookingconfirm] (tried for 10 second(s) with 500 milliseconds interval)
Build info: version: '4.11.0', revision: '040bc5406b'
System info: os.name: 'Windows 11', os.arch: 'amd64', os.version: '10.0', java.version: '21.0.7'
Driver info: org.openqa.selenium.firefox.FirefoxDriver
Capabilities {acceptInsecureCerts: true, browserName: firefox, browserVersion: 141.0, moz:accessibilityChecks: false, moz:buildID: 20250717180000, moz:geckodriverVersion: 0.36.0, moz:headless: true, moz:platformVersion: 10.0, moz:processID: 6904, moz:profile: C:\Users\RAJDEE~1\AppData\L..., moz:shutdownTimeout: 60000, moz:webdriverClick: true, moz:windowless: false, pageLoadStrategy: normal, platformName: windows, proxy: Proxy(), setWindowRect: true, strictFileInteractability: false, timeouts: {implicit: 0, pageLoad: 300000, script: 30000}, unhandledPromptBehavior: dismiss and notify, userAgent: Mozilla/5.0 (Windows NT 10....}
Session ID: 7e589be9-7354-4811-9b4c-2f1765ae8a5b
	at org.openqa.selenium.support.ui.WebDriverWait.timeoutException(WebDriverWait.java:84)
	at org.openqa.selenium.support.ui.FluentWait.until(FluentWait.java:230)
	at pages.FlightBookingPageFactory.getBookingConfirmationMessage(FlightBookingPageFactory.java:152)
	at stepDefinitions.FlightBookingStepDefinition.user_should_see_the_confirmation_message(FlightBookingStepDefinition.java:84)
	at ✽.System should display response "Number of Passengers can't be Zero"(file:///C:/Users/rajdeep%20ghosh/OneDrive/Desktop/git/Sprint2Group2/Sprint2Group2Batch18/./src/test/java/features/flightBooking.feature:18)
]]>
</failure>
<system-out><![CDATA[
Given User is on the Flight Booking page....................................passed
When User navigates to Flight Booking Link..................................passed
And User enters current city "New York".....................................passed
And User enters destination city "London"...................................passed
And User enters Departure date "2025-08-20".................................passed
And User select class "Luxury Class"........................................passed
And User enters name "John Doe".............................................passed
And User enters email "xyz@gmail.com".......................................passed
And User enters phone number "9874561230"...................................passed
And User select number of passenger "0".....................................passed
And User clicks Book Now....................................................passed
Then System should display response "Number of Passengers can't be Zero"....failed
And Form submission response should be "Not Submitted"......................skipped
]]></system-out>
</testcase>
<testcase classname="Flight Booking Functionality" name="Flight booking and Validation - Example #1.7" time="21.26">
<failure type="org.openqa.selenium.TimeoutException" message="Expected condition failed: waiting for visibility of [[FirefoxDriver: firefox on windows (ed4e758d-dded-4439-809c-300f411a7cb0)] -&gt; id: bookingconfirm] (tried for 10 second(s) with 500 milliseconds interval)
Build info: version: '4.11.0', revision: '040bc5406b'
System info: os.name: 'Windows 11', os.arch: 'amd64', os.version: '10.0', java.version: '21.0.7'
Driver info: org.openqa.selenium.firefox.FirefoxDriver
Capabilities {acceptInsecureCerts: true, browserName: firefox, browserVersion: 141.0, moz:accessibilityChecks: false, moz:buildID: 20250717180000, moz:geckodriverVersion: 0.36.0, moz:headless: true, moz:platformVersion: 10.0, moz:processID: 28236, moz:profile: C:\Users\RAJDEE~1\AppData\L..., moz:shutdownTimeout: 60000, moz:webdriverClick: true, moz:windowless: false, pageLoadStrategy: normal, platformName: windows, proxy: Proxy(), setWindowRect: true, strictFileInteractability: false, timeouts: {implicit: 0, pageLoad: 300000, script: 30000}, unhandledPromptBehavior: dismiss and notify, userAgent: Mozilla/5.0 (Windows NT 10....}
Session ID: ed4e758d-dded-4439-809c-300f411a7cb0">
<![CDATA[org.openqa.selenium.TimeoutException: Expected condition failed: waiting for visibility of [[FirefoxDriver: firefox on windows (ed4e758d-dded-4439-809c-300f411a7cb0)] -> id: bookingconfirm] (tried for 10 second(s) with 500 milliseconds interval)
Build info: version: '4.11.0', revision: '040bc5406b'
System info: os.name: 'Windows 11', os.arch: 'amd64', os.version: '10.0', java.version: '21.0.7'
Driver info: org.openqa.selenium.firefox.FirefoxDriver
Capabilities {acceptInsecureCerts: true, browserName: firefox, browserVersion: 141.0, moz:accessibilityChecks: false, moz:buildID: 20250717180000, moz:geckodriverVersion: 0.36.0, moz:headless: true, moz:platformVersion: 10.0, moz:processID: 28236, moz:profile: C:\Users\RAJDEE~1\AppData\L..., moz:shutdownTimeout: 60000, moz:webdriverClick: true, moz:windowless: false, pageLoadStrategy: normal, platformName: windows, proxy: Proxy(), setWindowRect: true, strictFileInteractability: false, timeouts: {implicit: 0, pageLoad: 300000, script: 30000}, unhandledPromptBehavior: dismiss and notify, userAgent: Mozilla/5.0 (Windows NT 10....}
Session ID: ed4e758d-dded-4439-809c-300f411a7cb0
	at org.openqa.selenium.support.ui.WebDriverWait.timeoutException(WebDriverWait.java:84)
	at org.openqa.selenium.support.ui.FluentWait.until(FluentWait.java:230)
	at pages.FlightBookingPageFactory.getBookingConfirmationMessage(FlightBookingPageFactory.java:152)
	at stepDefinitions.FlightBookingStepDefinition.user_should_see_the_confirmation_message(FlightBookingStepDefinition.java:84)
	at ✽.System should display response "Email can't be blank"(file:///C:/Users/rajdeep%20ghosh/OneDrive/Desktop/git/Sprint2Group2/Sprint2Group2Batch18/./src/test/java/features/flightBooking.feature:18)
]]>
</failure>
<system-out><![CDATA[
Given User is on the Flight Booking page....................................passed
When User navigates to Flight Booking Link..................................passed
And User enters current city "New York".....................................passed
And User enters destination city "London"...................................passed
And User enters Departure date "2025-08-20".................................passed
And User select class "Luxury Class"........................................passed
And User enters name "John Doe".............................................passed
And User enters email ""....................................................passed
And User enters phone number "9874561230"...................................passed
And User select number of passenger "1".....................................passed
And User clicks Book Now....................................................passed
Then System should display response "Email can't be blank"..................failed
And Form submission response should be "Not Submitted"......................skipped
]]></system-out>
</testcase>
<testcase classname="Flight Booking Functionality" name="Flight booking and Validation - Example #1.8" time="21.13">
<failure type="org.openqa.selenium.TimeoutException" message="Expected condition failed: waiting for visibility of [[FirefoxDriver: firefox on windows (8b0b93b2-7784-4dda-8761-420e95d66f8e)] -&gt; id: bookingconfirm] (tried for 10 second(s) with 500 milliseconds interval)
Build info: version: '4.11.0', revision: '040bc5406b'
System info: os.name: 'Windows 11', os.arch: 'amd64', os.version: '10.0', java.version: '21.0.7'
Driver info: org.openqa.selenium.firefox.FirefoxDriver
Capabilities {acceptInsecureCerts: true, browserName: firefox, browserVersion: 141.0, moz:accessibilityChecks: false, moz:buildID: 20250717180000, moz:geckodriverVersion: 0.36.0, moz:headless: true, moz:platformVersion: 10.0, moz:processID: 20980, moz:profile: C:\Users\RAJDEE~1\AppData\L..., moz:shutdownTimeout: 60000, moz:webdriverClick: true, moz:windowless: false, pageLoadStrategy: normal, platformName: windows, proxy: Proxy(), setWindowRect: true, strictFileInteractability: false, timeouts: {implicit: 0, pageLoad: 300000, script: 30000}, unhandledPromptBehavior: dismiss and notify, userAgent: Mozilla/5.0 (Windows NT 10....}
Session ID: 8b0b93b2-7784-4dda-8761-420e95d66f8e">
<![CDATA[org.openqa.selenium.TimeoutException: Expected condition failed: waiting for visibility of [[FirefoxDriver: firefox on windows (8b0b93b2-7784-4dda-8761-420e95d66f8e)] -> id: bookingconfirm] (tried for 10 second(s) with 500 milliseconds interval)
Build info: version: '4.11.0', revision: '040bc5406b'
System info: os.name: 'Windows 11', os.arch: 'amd64', os.version: '10.0', java.version: '21.0.7'
Driver info: org.openqa.selenium.firefox.FirefoxDriver
Capabilities {acceptInsecureCerts: true, browserName: firefox, browserVersion: 141.0, moz:accessibilityChecks: false, moz:buildID: 20250717180000, moz:geckodriverVersion: 0.36.0, moz:headless: true, moz:platformVersion: 10.0, moz:processID: 20980, moz:profile: C:\Users\RAJDEE~1\AppData\L..., moz:shutdownTimeout: 60000, moz:webdriverClick: true, moz:windowless: false, pageLoadStrategy: normal, platformName: windows, proxy: Proxy(), setWindowRect: true, strictFileInteractability: false, timeouts: {implicit: 0, pageLoad: 300000, script: 30000}, unhandledPromptBehavior: dismiss and notify, userAgent: Mozilla/5.0 (Windows NT 10....}
Session ID: 8b0b93b2-7784-4dda-8761-420e95d66f8e
	at org.openqa.selenium.support.ui.WebDriverWait.timeoutException(WebDriverWait.java:84)
	at org.openqa.selenium.support.ui.FluentWait.until(FluentWait.java:230)
	at pages.FlightBookingPageFactory.getBookingConfirmationMessage(FlightBookingPageFactory.java:152)
	at stepDefinitions.FlightBookingStepDefinition.user_should_see_the_confirmation_message(FlightBookingStepDefinition.java:84)
	at ✽.System should display response "Phone Number can't be blank"(file:///C:/Users/rajdeep%20ghosh/OneDrive/Desktop/git/Sprint2Group2/Sprint2Group2Batch18/./src/test/java/features/flightBooking.feature:18)
]]>
</failure>
<system-out><![CDATA[
Given User is on the Flight Booking page....................................passed
When User navigates to Flight Booking Link..................................passed
And User enters current city "New York".....................................passed
And User enters destination city "London"...................................passed
And User enters Departure date "2025-08-20".................................passed
And User select class "Luxury Class"........................................passed
And User enters name "John Doe".............................................passed
And User enters email "xyz@gmail.com".......................................passed
And User enters phone number "".............................................passed
And User select number of passenger "1".....................................passed
And User clicks Book Now....................................................passed
Then System should display response "Phone Number can't be blank"...........failed
And Form submission response should be "Not Submitted"......................skipped
]]></system-out>
</testcase>
<testcase classname="Flight Booking Functionality" name="Flight booking and Validation - Example #1.9" time="21.722">
<failure type="org.openqa.selenium.TimeoutException" message="Expected condition failed: waiting for visibility of [[FirefoxDriver: firefox on windows (fccdb785-02e3-48ea-8963-3215620a28a7)] -&gt; id: bookingconfirm] (tried for 10 second(s) with 500 milliseconds interval)
Build info: version: '4.11.0', revision: '040bc5406b'
System info: os.name: 'Windows 11', os.arch: 'amd64', os.version: '10.0', java.version: '21.0.7'
Driver info: org.openqa.selenium.firefox.FirefoxDriver
Capabilities {acceptInsecureCerts: true, browserName: firefox, browserVersion: 141.0, moz:accessibilityChecks: false, moz:buildID: 20250717180000, moz:geckodriverVersion: 0.36.0, moz:headless: true, moz:platformVersion: 10.0, moz:processID: 32592, moz:profile: C:\Users\RAJDEE~1\AppData\L..., moz:shutdownTimeout: 60000, moz:webdriverClick: true, moz:windowless: false, pageLoadStrategy: normal, platformName: windows, proxy: Proxy(), setWindowRect: true, strictFileInteractability: false, timeouts: {implicit: 0, pageLoad: 300000, script: 30000}, unhandledPromptBehavior: dismiss and notify, userAgent: Mozilla/5.0 (Windows NT 10....}
Session ID: fccdb785-02e3-48ea-8963-3215620a28a7">
<![CDATA[org.openqa.selenium.TimeoutException: Expected condition failed: waiting for visibility of [[FirefoxDriver: firefox on windows (fccdb785-02e3-48ea-8963-3215620a28a7)] -> id: bookingconfirm] (tried for 10 second(s) with 500 milliseconds interval)
Build info: version: '4.11.0', revision: '040bc5406b'
System info: os.name: 'Windows 11', os.arch: 'amd64', os.version: '10.0', java.version: '21.0.7'
Driver info: org.openqa.selenium.firefox.FirefoxDriver
Capabilities {acceptInsecureCerts: true, browserName: firefox, browserVersion: 141.0, moz:accessibilityChecks: false, moz:buildID: 20250717180000, moz:geckodriverVersion: 0.36.0, moz:headless: true, moz:platformVersion: 10.0, moz:processID: 32592, moz:profile: C:\Users\RAJDEE~1\AppData\L..., moz:shutdownTimeout: 60000, moz:webdriverClick: true, moz:windowless: false, pageLoadStrategy: normal, platformName: windows, proxy: Proxy(), setWindowRect: true, strictFileInteractability: false, timeouts: {implicit: 0, pageLoad: 300000, script: 30000}, unhandledPromptBehavior: dismiss and notify, userAgent: Mozilla/5.0 (Windows NT 10....}
Session ID: fccdb785-02e3-48ea-8963-3215620a28a7
	at org.openqa.selenium.support.ui.WebDriverWait.timeoutException(WebDriverWait.java:84)
	at org.openqa.selenium.support.ui.FluentWait.until(FluentWait.java:230)
	at pages.FlightBookingPageFactory.getBookingConfirmationMessage(FlightBookingPageFactory.java:152)
	at stepDefinitions.FlightBookingStepDefinition.user_should_see_the_confirmation_message(FlightBookingStepDefinition.java:84)
	at ✽.System should display response "Name can't be blank"(file:///C:/Users/rajdeep%20ghosh/OneDrive/Desktop/git/Sprint2Group2/Sprint2Group2Batch18/./src/test/java/features/flightBooking.feature:18)
]]>
</failure>
<system-out><![CDATA[
Given User is on the Flight Booking page....................................passed
When User navigates to Flight Booking Link..................................passed
And User enters current city "New York".....................................passed
And User enters destination city "London"...................................passed
And User enters Departure date "2025-08-20".................................passed
And User select class "Luxury Class"........................................passed
And User enters name "".....................................................passed
And User enters email "xyz@gmail.com".......................................passed
And User enters phone number "9874561230"...................................passed
And User select number of passenger "1".....................................passed
And User clicks Book Now....................................................passed
Then System should display response "Name can't be blank"...................failed
And Form submission response should be "Not Submitted"......................skipped
]]></system-out>
</testcase>
<testcase classname="Flight Booking Functionality" name="Flight booking and Validation - Example #1.10" time="10.843">
<failure type="org.junit.ComparisonFailure" message="expected:&lt;[Please write a valid city name with airport.]&gt; but was:&lt;[Your flight Reservation has been Confirmed !]&gt;">
<![CDATA[org.junit.ComparisonFailure: expected:<[Please write a valid city name with airport.]> but was:<[Your flight Reservation has been Confirmed !]>
	at org.junit.Assert.assertEquals(Assert.java:117)
	at org.junit.Assert.assertEquals(Assert.java:146)
	at stepDefinitions.FlightBookingStepDefinition.user_should_see_the_confirmation_message(FlightBookingStepDefinition.java:87)
	at ✽.System should display response "Please write a valid city name with airport."(file:///C:/Users/rajdeep%20ghosh/OneDrive/Desktop/git/Sprint2Group2/Sprint2Group2Batch18/./src/test/java/features/flightBooking.feature:18)
]]>
</failure>
<system-out><![CDATA[
Given User is on the Flight Booking page....................................passed
When User navigates to Flight Booking Link..................................passed
And User enters current city "Asansol"......................................passed
And User enters destination city "London"...................................passed
And User enters Departure date "2025-08-20".................................passed
And User select class "Luxury Class"........................................passed
And User enters name "John Doe".............................................passed
And User enters email "xyz@gmail.com".......................................passed
And User enters phone number "9874561230"...................................passed
And User select number of passenger "1".....................................passed
And User clicks Book Now....................................................passed
Then System should display response "Please write a valid city name with airport.".failed
And Form submission response should be "Submitted"..........................skipped
]]></system-out>
</testcase>
</testsuite>
